<?xml version="1.0" encoding="UTF-8"?>
<testsuite name="com.badminton.controller.AuthControllerTest" tests="2" skipped="0" failures="0" errors="0" timestamp="2026-07-01T08:37:13" hostname="DESKTOP-OJ69R6V" time="0.06">
  <properties/>
  <testcase name="login_badCredentials()" classname="com.badminton.controller.AuthControllerTest" time="0.05"/>
  <testcase name="login_success()" classname="com.badminton.controller.AuthControllerTest" time="0.008"/>
  <system-out><![CDATA[2026-07-01T15:37:13.507+07:00  INFO 24180 --- [badminton-booking-api] [    Test worker] t.c.s.AnnotationConfigContextLoaderUtils : Could not detect default configuration classes for test class [com.badminton.controller.AuthControllerTest]: AuthControllerTest does not declare any static, non-private, non-final, nested classes annotated with @Configuration.
2026-07-01T15:37:13.517+07:00  INFO 24180 --- [badminton-booking-api] [    Test worker] .b.t.c.SpringBootTestContextBootstrapper : Found @SpringBootConfiguration com.badminton.BadmintonBookingApplication for test class com.badminton.controller.AuthControllerTest

  .   ____          _            __ _ _
 /\\ / ___'_ __ _ _(_)_ __  __ _ \ \ \ \
( ( )\___ | '_ | '_| | '_ \/ _` | \ \ \ \
 \\/  ___)| |_)| | | | | || (_| |  ) ) ) )
  '  |____| .__|_| |_|_| |_\__, | / / / /
 =========|_|==============|___/=/_/_/_/
 :: Spring Boot ::                (v3.2.5)

2026-07-01T15:37:13.535+07:00  INFO 24180 --- [badminton-booking-api] [    Test worker] c.b.controller.AuthControllerTest        : Starting AuthControllerTest using Java 17.0.12 with PID 24180 (started by PREDATOR in D:\rikkie\Java Web Service\Project_JavaWebService_badminton-management-service)
2026-07-01T15:37:13.535+07:00  INFO 24180 --- [badminton-booking-api] [    Test worker] c.b.controller.AuthControllerTest        : No active profile set, falling back to 1 default profile: "default"
2026-07-01T15:37:13.897+07:00  INFO 24180 --- [badminton-booking-api] [    Test worker] o.s.s.web.DefaultSecurityFilterChain     : Will secure any request with [org.springframework.security.web.session.DisableEncodeUrlFilter@5b9d7666, org.springframework.security.web.context.request.async.WebAsyncManagerIntegrationFilter@36bcae97, org.springframework.security.web.context.SecurityContextHolderFilter@6a478680, org.springframework.security.web.header.HeaderWriterFilter@5d3e24e2, org.springframework.security.web.authentication.logout.LogoutFilter@4a74e70d, com.badminton.config.JwtRequestFilter@4ba6b5eb, org.springframework.security.web.savedrequest.RequestCacheAwareFilter@7eecb648, org.springframework.security.web.servletapi.SecurityContextHolderAwareRequestFilter@52599443, org.springframework.security.web.authentication.AnonymousAuthenticationFilter@6d618003, org.springframework.security.web.session.SessionManagementFilter@280cc940, org.springframework.security.web.access.ExceptionTranslationFilter@682f9202, org.springframework.security.web.access.intercept.AuthorizationFilter@4fd43b14]
2026-07-01T15:37:13.942+07:00  INFO 24180 --- [badminton-booking-api] [    Test worker] o.s.b.t.m.w.SpringBootMockServletContext : Initializing Spring TestDispatcherServlet ''
2026-07-01T15:37:13.943+07:00  INFO 24180 --- [badminton-booking-api] [    Test worker] o.s.t.web.servlet.TestDispatcherServlet  : Initializing Servlet ''
2026-07-01T15:37:13.944+07:00  INFO 24180 --- [badminton-booking-api] [    Test worker] o.s.t.web.servlet.TestDispatcherServlet  : Completed initialization in 1 ms
2026-07-01T15:37:13.951+07:00  INFO 24180 --- [badminton-booking-api] [    Test worker] c.b.controller.AuthControllerTest        : Started AuthControllerTest in 0.431 seconds (process running for 9.195)
]]></system-out>
  <system-err><![CDATA[]]></system-err>
</testsuite>
