<?xml version="1.0" encoding="UTF-8"?>
<testsuite name="com.badminton.controller.AdminUserControllerTest" tests="4" skipped="0" failures="0" errors="0" timestamp="2026-07-01T09:03:19" hostname="DESKTOP-OJ69R6V" time="0.243">
  <properties/>
  <testcase name="testGetUsers()" classname="com.badminton.controller.AdminUserControllerTest" time="0.171"/>
  <testcase name="testUpdateUser()" classname="com.badminton.controller.AdminUserControllerTest" time="0.059"/>
  <testcase name="testDeleteUser()" classname="com.badminton.controller.AdminUserControllerTest" time="0.006"/>
  <testcase name="testGetUserById()" classname="com.badminton.controller.AdminUserControllerTest" time="0.004"/>
  <system-out><![CDATA[2026-07-01T16:03:18.007+07:00  INFO 22696 --- [badminton-booking-api] [    Test worker] t.c.s.AnnotationConfigContextLoaderUtils : Could not detect default configuration classes for test class [com.badminton.controller.AdminUserControllerTest]: AdminUserControllerTest does not declare any static, non-private, non-final, nested classes annotated with @Configuration.
2026-07-01T16:03:18.039+07:00  INFO 22696 --- [badminton-booking-api] [    Test worker] .b.t.c.SpringBootTestContextBootstrapper : Found @SpringBootConfiguration com.badminton.BadmintonBookingApplication for test class com.badminton.controller.AdminUserControllerTest

  .   ____          _            __ _ _
 /\\ / ___'_ __ _ _(_)_ __  __ _ \ \ \ \
( ( )\___ | '_ | '_| | '_ \/ _` | \ \ \ \
 \\/  ___)| |_)| | | | | || (_| |  ) ) ) )
  '  |____| .__|_| |_|_| |_\__, | / / / /
 =========|_|==============|___/=/_/_/_/
 :: Spring Boot ::                (v3.2.5)

2026-07-01T16:03:18.058+07:00  INFO 22696 --- [badminton-booking-api] [    Test worker] c.b.controller.AdminUserControllerTest   : Starting AdminUserControllerTest using Java 17.0.12 with PID 22696 (started by PREDATOR in D:\rikkie\Java Web Service\Project_JavaWebService_badminton-management-service)
2026-07-01T16:03:18.059+07:00  INFO 22696 --- [badminton-booking-api] [    Test worker] c.b.controller.AdminUserControllerTest   : No active profile set, falling back to 1 default profile: "default"
2026-07-01T16:03:18.217+07:00  INFO 22696 --- [badminton-booking-api] [    Test worker] .s.d.r.c.RepositoryConfigurationDelegate : Multiple Spring Data modules found, entering strict repository configuration mode
2026-07-01T16:03:18.217+07:00  INFO 22696 --- [badminton-booking-api] [    Test worker] .s.d.r.c.RepositoryConfigurationDelegate : Bootstrapping Spring Data JPA repositories in DEFAULT mode.
2026-07-01T16:03:18.228+07:00  INFO 22696 --- [badminton-booking-api] [    Test worker] .s.d.r.c.RepositoryConfigurationDelegate : Finished Spring Data repository scanning in 11 ms. Found 6 JPA repository interfaces.
2026-07-01T16:03:18.231+07:00  INFO 22696 --- [badminton-booking-api] [    Test worker] .s.d.r.c.RepositoryConfigurationDelegate : Multiple Spring Data modules found, entering strict repository configuration mode
2026-07-01T16:03:18.232+07:00  INFO 22696 --- [badminton-booking-api] [    Test worker] .s.d.r.c.RepositoryConfigurationDelegate : Bootstrapping Spring Data Redis repositories in DEFAULT mode.
2026-07-01T16:03:18.234+07:00  INFO 22696 --- [badminton-booking-api] [    Test worker] .RepositoryConfigurationExtensionSupport : Spring Data Redis - Could not safely identify store assignment for repository candidate interface com.badminton.repository.BookingRepository; If you want this repository to be a Redis repository, consider annotating your entities with one of these annotations: org.springframework.data.redis.core.RedisHash (preferred), or consider extending one of the following types with your repository: org.springframework.data.keyvalue.repository.KeyValueRepository
2026-07-01T16:03:18.235+07:00  INFO 22696 --- [badminton-booking-api] [    Test worker] .RepositoryConfigurationExtensionSupport : Spring Data Redis - Could not safely identify store assignment for repository candidate interface com.badminton.repository.CourtImageRepository; If you want this repository to be a Redis repository, consider annotating your entities with one of these annotations: org.springframework.data.redis.core.RedisHash (preferred), or consider extending one of the following types with your repository: org.springframework.data.keyvalue.repository.KeyValueRepository
2026-07-01T16:03:18.235+07:00  INFO 22696 --- [badminton-booking-api] [    Test worker] .RepositoryConfigurationExtensionSupport : Spring Data Redis - Could not safely identify store assignment for repository candidate interface com.badminton.repository.CourtRepository; If you want this repository to be a Redis repository, consider annotating your entities with one of these annotations: org.springframework.data.redis.core.RedisHash (preferred), or consider extending one of the following types with your repository: org.springframework.data.keyvalue.repository.KeyValueRepository
2026-07-01T16:03:18.235+07:00  INFO 22696 --- [badminton-booking-api] [    Test worker] .RepositoryConfigurationExtensionSupport : Spring Data Redis - Could not safely identify store assignment for repository candidate interface com.badminton.repository.TimeSlotRepository; If you want this repository to be a Redis repository, consider annotating your entities with one of these annotations: org.springframework.data.redis.core.RedisHash (preferred), or consider extending one of the following types with your repository: org.springframework.data.keyvalue.repository.KeyValueRepository
2026-07-01T16:03:18.235+07:00  INFO 22696 --- [badminton-booking-api] [    Test worker] .RepositoryConfigurationExtensionSupport : Spring Data Redis - Could not safely identify store assignment for repository candidate interface com.badminton.repository.TokenBlacklistRepository; If you want this repository to be a Redis repository, consider annotating your entities with one of these annotations: org.springframework.data.redis.core.RedisHash (preferred), or consider extending one of the following types with your repository: org.springframework.data.keyvalue.repository.KeyValueRepository
2026-07-01T16:03:18.235+07:00  INFO 22696 --- [badminton-booking-api] [    Test worker] .RepositoryConfigurationExtensionSupport : Spring Data Redis - Could not safely identify store assignment for repository candidate interface com.badminton.repository.UserRepository; If you want this repository to be a Redis repository, consider annotating your entities with one of these annotations: org.springframework.data.redis.core.RedisHash (preferred), or consider extending one of the following types with your repository: org.springframework.data.keyvalue.repository.KeyValueRepository
2026-07-01T16:03:18.235+07:00  INFO 22696 --- [badminton-booking-api] [    Test worker] .s.d.r.c.RepositoryConfigurationDelegate : Finished Spring Data repository scanning in 3 ms. Found 0 Redis repository interfaces.
2026-07-01T16:03:18.387+07:00  INFO 22696 --- [badminton-booking-api] [    Test worker] o.hibernate.jpa.internal.util.LogHelper  : HHH000204: Processing PersistenceUnitInfo [name: default]
2026-07-01T16:03:18.389+07:00  INFO 22696 --- [badminton-booking-api] [    Test worker] o.h.c.internal.RegionFactoryInitiator    : HHH000026: Second-level cache disabled
2026-07-01T16:03:18.392+07:00  INFO 22696 --- [badminton-booking-api] [    Test worker] o.s.o.j.p.SpringPersistenceUnitInfo      : No LoadTimeWeaver setup: ignoring JPA class transformer
2026-07-01T16:03:18.393+07:00  INFO 22696 --- [badminton-booking-api] [    Test worker] com.zaxxer.hikari.HikariDataSource       : HikariPool-2 - Starting...
2026-07-01T16:03:18.397+07:00  INFO 22696 --- [badminton-booking-api] [    Test worker] com.zaxxer.hikari.pool.HikariPool        : HikariPool-2 - Added connection com.mysql.cj.jdbc.ConnectionImpl@17eac1b5
2026-07-01T16:03:18.397+07:00  INFO 22696 --- [badminton-booking-api] [    Test worker] com.zaxxer.hikari.HikariDataSource       : HikariPool-2 - Start completed.
2026-07-01T16:03:18.398+07:00  WARN 22696 --- [badminton-booking-api] [    Test worker] org.hibernate.orm.deprecation            : HHH90000025: MySQLDialect does not need to be specified explicitly using 'hibernate.dialect' (remove the property setting and it will be selected by default)
2026-07-01T16:03:18.506+07:00  INFO 22696 --- [badminton-booking-api] [    Test worker] o.h.e.t.j.p.i.JtaPlatformInitiator       : HHH000489: No JTA platform available (set 'hibernate.transaction.jta.platform' to enable JTA platform integration)
2026-07-01T16:03:18.537+07:00  INFO 22696 --- [badminton-booking-api] [    Test worker] j.LocalContainerEntityManagerFactoryBean : Initialized JPA EntityManagerFactory for persistence unit 'default'
2026-07-01T16:03:18.762+07:00  WARN 22696 --- [badminton-booking-api] [    Test worker] JpaBaseConfiguration$JpaWebConfiguration : spring.jpa.open-in-view is enabled by default. Therefore, database queries may be performed during view rendering. Explicitly configure spring.jpa.open-in-view to disable this warning
2026-07-01T16:03:18.960+07:00  INFO 22696 --- [badminton-booking-api] [    Test worker] o.s.s.web.DefaultSecurityFilterChain     : Will secure any request with [org.springframework.security.web.session.DisableEncodeUrlFilter@231a475f, org.springframework.security.web.context.request.async.WebAsyncManagerIntegrationFilter@98e2a07, org.springframework.security.web.context.SecurityContextHolderFilter@1b6c7e3c, org.springframework.security.web.header.HeaderWriterFilter@19315d74, org.springframework.security.web.authentication.logout.LogoutFilter@385376c, com.badminton.config.JwtRequestFilter@19f31c85, org.springframework.security.web.savedrequest.RequestCacheAwareFilter@778067f5, org.springframework.security.web.servletapi.SecurityContextHolderAwareRequestFilter@64c94e8c, org.springframework.security.web.authentication.AnonymousAuthenticationFilter@cfcab77, org.springframework.security.web.session.SessionManagementFilter@774d1f78, org.springframework.security.web.access.ExceptionTranslationFilter@47d57aae, org.springframework.security.web.access.intercept.AuthorizationFilter@595dda6d]
2026-07-01T16:03:19.216+07:00  INFO 22696 --- [badminton-booking-api] [    Test worker] o.s.b.t.m.w.SpringBootMockServletContext : Initializing Spring TestDispatcherServlet ''
2026-07-01T16:03:19.217+07:00  INFO 22696 --- [badminton-booking-api] [    Test worker] o.s.t.web.servlet.TestDispatcherServlet  : Initializing Servlet ''
2026-07-01T16:03:19.217+07:00  INFO 22696 --- [badminton-booking-api] [    Test worker] o.s.t.web.servlet.TestDispatcherServlet  : Completed initialization in 0 ms
2026-07-01T16:03:19.225+07:00  INFO 22696 --- [badminton-booking-api] [    Test worker] c.b.controller.AdminUserControllerTest   : Started AdminUserControllerTest in 1.183 seconds (process running for 10.132)
]]></system-out>
  <system-err><![CDATA[]]></system-err>
</testsuite>
