<?xml version="1.0" encoding="UTF-8"?>
<testsuite name="com.badminton.controller.ManagerBookingControllerTest" tests="4" skipped="0" failures="0" errors="0" timestamp="2026-07-01T09:03:20" hostname="DESKTOP-OJ69R6V" time="0.016">
  <properties/>
  <testcase name="rejectBooking_success()" classname="com.badminton.controller.ManagerBookingControllerTest" time="0.005"/>
  <testcase name="approveBooking_notFound()" classname="com.badminton.controller.ManagerBookingControllerTest" time="0.005"/>
  <testcase name="rejectBooking_notFound()" classname="com.badminton.controller.ManagerBookingControllerTest" time="0.003"/>
  <testcase name="approveBooking_success()" classname="com.badminton.controller.ManagerBookingControllerTest" time="0.002"/>
  <system-out><![CDATA[2026-07-01T16:03:19.996+07:00  INFO 22696 --- [badminton-booking-api] [    Test worker] t.c.s.AnnotationConfigContextLoaderUtils : Could not detect default configuration classes for test class [com.badminton.controller.ManagerBookingControllerTest]: ManagerBookingControllerTest does not declare any static, non-private, non-final, nested classes annotated with @Configuration.
2026-07-01T16:03:20.000+07:00  INFO 22696 --- [badminton-booking-api] [    Test worker] .b.t.c.SpringBootTestContextBootstrapper : Found @SpringBootConfiguration com.badminton.BadmintonBookingApplication for test class com.badminton.controller.ManagerBookingControllerTest

  .   ____          _            __ _ _
 /\\ / ___'_ __ _ _(_)_ __  __ _ \ \ \ \
( ( )\___ | '_ | '_| | '_ \/ _` | \ \ \ \
 \\/  ___)| |_)| | | | | || (_| |  ) ) ) )
  '  |____| .__|_| |_|_| |_\__, | / / / /
 =========|_|==============|___/=/_/_/_/
 :: Spring Boot ::                (v3.2.5)

2026-07-01T16:03:20.011+07:00  INFO 22696 --- [badminton-booking-api] [    Test worker] c.b.c.ManagerBookingControllerTest       : Starting ManagerBookingControllerTest using Java 17.0.12 with PID 22696 (started by PREDATOR in D:\rikkie\Java Web Service\Project_JavaWebService_badminton-management-service)
2026-07-01T16:03:20.011+07:00  INFO 22696 --- [badminton-booking-api] [    Test worker] c.b.c.ManagerBookingControllerTest       : No active profile set, falling back to 1 default profile: "default"
2026-07-01T16:03:20.132+07:00  INFO 22696 --- [badminton-booking-api] [    Test worker] o.s.s.web.DefaultSecurityFilterChain     : Will secure any request with [org.springframework.security.web.session.DisableEncodeUrlFilter@2ef77fcc, org.springframework.security.web.context.request.async.WebAsyncManagerIntegrationFilter@4e579bd, org.springframework.security.web.context.SecurityContextHolderFilter@42f5e9a6, org.springframework.security.web.header.HeaderWriterFilter@6afaabfd, org.springframework.security.web.authentication.logout.LogoutFilter@2a601b14, com.badminton.config.JwtRequestFilter@4608590d, org.springframework.security.web.savedrequest.RequestCacheAwareFilter@1debc358, org.springframework.security.web.servletapi.SecurityContextHolderAwareRequestFilter@2271265b, org.springframework.security.web.authentication.AnonymousAuthenticationFilter@7aa9bfc6, org.springframework.security.web.session.SessionManagementFilter@146e29e9, org.springframework.security.web.access.ExceptionTranslationFilter@49b6b53, org.springframework.security.web.access.intercept.AuthorizationFilter@423a5c9c]
2026-07-01T16:03:20.158+07:00  INFO 22696 --- [badminton-booking-api] [    Test worker] o.s.b.t.m.w.SpringBootMockServletContext : Initializing Spring TestDispatcherServlet ''
2026-07-01T16:03:20.158+07:00  INFO 22696 --- [badminton-booking-api] [    Test worker] o.s.t.web.servlet.TestDispatcherServlet  : Initializing Servlet ''
2026-07-01T16:03:20.159+07:00  INFO 22696 --- [badminton-booking-api] [    Test worker] o.s.t.web.servlet.TestDispatcherServlet  : Completed initialization in 1 ms
2026-07-01T16:03:20.162+07:00  INFO 22696 --- [badminton-booking-api] [    Test worker] c.b.c.ManagerBookingControllerTest       : Started ManagerBookingControllerTest in 0.161 seconds (process running for 11.069)
]]></system-out>
  <system-err><![CDATA[]]></system-err>
</testsuite>
