<?xml version="1.0" encoding="UTF-8"?>
<testsuite name="com.badminton.controller.AuthControllerTest" tests="2" skipped="0" failures="0" errors="0" timestamp="2026-07-01T09:03:19" hostname="DESKTOP-OJ69R6V" time="0.061">
  <properties/>
  <testcase name="login_badCredentials()" classname="com.badminton.controller.AuthControllerTest" time="0.054"/>
  <testcase name="login_success()" classname="com.badminton.controller.AuthControllerTest" time="0.006"/>
  <system-out><![CDATA[2026-07-01T16:03:19.473+07:00  INFO 22696 --- [badminton-booking-api] [    Test worker] t.c.s.AnnotationConfigContextLoaderUtils : Could not detect default configuration classes for test class [com.badminton.controller.AuthControllerTest]: AuthControllerTest does not declare any static, non-private, non-final, nested classes annotated with @Configuration.
2026-07-01T16:03:19.479+07:00  INFO 22696 --- [badminton-booking-api] [    Test worker] .b.t.c.SpringBootTestContextBootstrapper : Found @SpringBootConfiguration com.badminton.BadmintonBookingApplication for test class com.badminton.controller.AuthControllerTest

  .   ____          _            __ _ _
 /\\ / ___'_ __ _ _(_)_ __  __ _ \ \ \ \
( ( )\___ | '_ | '_| | '_ \/ _` | \ \ \ \
 \\/  ___)| |_)| | | | | || (_| |  ) ) ) )
  '  |____| .__|_| |_|_| |_\__, | / / / /
 =========|_|==============|___/=/_/_/_/
 :: Spring Boot ::                (v3.2.5)

2026-07-01T16:03:19.496+07:00  INFO 22696 --- [badminton-booking-api] [    Test worker] c.b.controller.AuthControllerTest        : Starting AuthControllerTest using Java 17.0.12 with PID 22696 (started by PREDATOR in D:\rikkie\Java Web Service\Project_JavaWebService_badminton-management-service)
2026-07-01T16:03:19.496+07:00  INFO 22696 --- [badminton-booking-api] [    Test worker] c.b.controller.AuthControllerTest        : No active profile set, falling back to 1 default profile: "default"
2026-07-01T16:03:19.647+07:00  INFO 22696 --- [badminton-booking-api] [    Test worker] o.s.s.web.DefaultSecurityFilterChain     : Will secure any request with [org.springframework.security.web.session.DisableEncodeUrlFilter@206c8094, org.springframework.security.web.context.request.async.WebAsyncManagerIntegrationFilter@4787abde, org.springframework.security.web.context.SecurityContextHolderFilter@674916ae, org.springframework.security.web.header.HeaderWriterFilter@13ff179a, org.springframework.security.web.authentication.logout.LogoutFilter@5b979374, com.badminton.config.JwtRequestFilter@44a99029, org.springframework.security.web.savedrequest.RequestCacheAwareFilter@77c60c78, org.springframework.security.web.servletapi.SecurityContextHolderAwareRequestFilter@1c6e96dd, org.springframework.security.web.authentication.AnonymousAuthenticationFilter@74ccbafd, org.springframework.security.web.session.SessionManagementFilter@53c770b4, org.springframework.security.web.access.ExceptionTranslationFilter@25d6b936, org.springframework.security.web.access.intercept.AuthorizationFilter@7445448f]
2026-07-01T16:03:19.672+07:00  INFO 22696 --- [badminton-booking-api] [    Test worker] o.s.b.t.m.w.SpringBootMockServletContext : Initializing Spring TestDispatcherServlet ''
2026-07-01T16:03:19.672+07:00  INFO 22696 --- [badminton-booking-api] [    Test worker] o.s.t.web.servlet.TestDispatcherServlet  : Initializing Servlet ''
2026-07-01T16:03:19.672+07:00  INFO 22696 --- [badminton-booking-api] [    Test worker] o.s.t.web.servlet.TestDispatcherServlet  : Completed initialization in 0 ms
2026-07-01T16:03:19.676+07:00  INFO 22696 --- [badminton-booking-api] [    Test worker] c.b.controller.AuthControllerTest        : Started AuthControllerTest in 0.193 seconds (process running for 10.583)
]]></system-out>
  <system-err><![CDATA[]]></system-err>
</testsuite>
