<?xml version="1.0" encoding="UTF-8"?>
<testsuite name="com.badminton.service.BookingServiceTest" tests="5" skipped="0" failures="0" errors="0" timestamp="2026-07-01T09:03:20" hostname="DESKTOP-OJ69R6V" time="0.175">
  <properties/>
  <testcase name="createBooking_success()" classname="com.badminton.service.BookingServiceTest" time="0.165"/>
  <testcase name="createBooking_conflict()" classname="com.badminton.service.BookingServiceTest" time="0.003"/>
  <testcase name="createBooking_courtNotFound()" classname="com.badminton.service.BookingServiceTest" time="0.002"/>
  <testcase name="approveBooking_success()" classname="com.badminton.service.BookingServiceTest" time="0.003"/>
  <testcase name="approveBooking_alreadyConfirmed()" classname="com.badminton.service.BookingServiceTest" time="0.002"/>
  <system-out><![CDATA[]]></system-out>
  <system-err><![CDATA[]]></system-err>
</testsuite>
