<?xml version="1.0" encoding="UTF-8"?>
<testsuite name="com.badminton.service.UserServiceTest" tests="9" skipped="0" failures="0" errors="0" timestamp="2026-07-01T09:03:20" hostname="DESKTOP-OJ69R6V" time="0.012">
  <properties/>
  <testcase name="getUsers_noSearch()" classname="com.badminton.service.UserServiceTest" time="0.001"/>
  <testcase name="deleteUser_success()" classname="com.badminton.service.UserServiceTest" time="0.001"/>
  <testcase name="updateUser_success()" classname="com.badminton.service.UserServiceTest" time="0.001"/>
  <testcase name="getUserById_notFound()" classname="com.badminton.service.UserServiceTest" time="0.003"/>
  <testcase name="updateUser_emailExists()" classname="com.badminton.service.UserServiceTest" time="0.001"/>
  <testcase name="deleteUser_notFound()" classname="com.badminton.service.UserServiceTest" time="0.002"/>
  <testcase name="updateUser_usernameExists()" classname="com.badminton.service.UserServiceTest" time="0.001"/>
  <testcase name="getUsers_success()" classname="com.badminton.service.UserServiceTest" time="0.001"/>
  <testcase name="getUserById_success()" classname="com.badminton.service.UserServiceTest" time="0.001"/>
  <system-out><![CDATA[]]></system-out>
  <system-err><![CDATA[]]></system-err>
</testsuite>
