<?xml version="1.0" encoding="UTF-8"?>
<testsuite name="com.badminton.BadmintonBookingApplicationTests" tests="1" skipped="0" failures="0" errors="0" timestamp="2026-07-01T09:03:17" hostname="DESKTOP-OJ69R6V" time="0.025">
  <properties/>
  <testcase name="contextLoads()" classname="com.badminton.BadmintonBookingApplicationTests" time="0.025"/>
  <system-out><![CDATA[16:03:11.129 [Test worker] INFO org.springframework.test.context.support.AnnotationConfigContextLoaderUtils -- Could not detect default configuration classes for test class [com.badminton.BadmintonBookingApplicationTests]: BadmintonBookingApplicationTests does not declare any static, non-private, non-final, nested classes annotated with @Configuration.
16:03:11.207 [Test worker] INFO org.springframework.boot.test.context.SpringBootTestContextBootstrapper -- Found @SpringBootConfiguration com.badminton.BadmintonBookingApplication for test class com.badminton.BadmintonBookingApplicationTests

  .   ____          _            __ _ _
 /\\ / ___'_ __ _ _(_)_ __  __ _ \ \ \ \
( ( )\___ | '_ | '_| | '_ \/ _` | \ \ \ \
 \\/  ___)| |_)| | | | | || (_| |  ) ) ) )
  '  |____| .__|_| |_|_| |_\__, | / / / /
 =========|_|==============|___/=/_/_/_/
 :: Spring Boot ::                (v3.2.5)

2026-07-01T16:03:11.487+07:00  INFO 22696 --- [badminton-booking-api] [    Test worker] c.b.BadmintonBookingApplicationTests     : Starting BadmintonBookingApplicationTests using Java 17.0.12 with PID 22696 (started by PREDATOR in D:\rikkie\Java Web Service\Project_JavaWebService_badminton-management-service)
2026-07-01T16:03:11.488+07:00  INFO 22696 --- [badminton-booking-api] [    Test worker] c.b.BadmintonBookingApplicationTests     : No active profile set, falling back to 1 default profile: "default"
2026-07-01T16:03:12.261+07:00  INFO 22696 --- [badminton-booking-api] [    Test worker] .s.d.r.c.RepositoryConfigurationDelegate : Multiple Spring Data modules found, entering strict repository configuration mode
2026-07-01T16:03:12.261+07:00  INFO 22696 --- [badminton-booking-api] [    Test worker] .s.d.r.c.RepositoryConfigurationDelegate : Bootstrapping Spring Data JPA repositories in DEFAULT mode.
2026-07-01T16:03:12.360+07:00  INFO 22696 --- [badminton-booking-api] [    Test worker] .s.d.r.c.RepositoryConfigurationDelegate : Finished Spring Data repository scanning in 91 ms. Found 6 JPA repository interfaces.
2026-07-01T16:03:12.372+07:00  INFO 22696 --- [badminton-booking-api] [    Test worker] .s.d.r.c.RepositoryConfigurationDelegate : Multiple Spring Data modules found, entering strict repository configuration mode
2026-07-01T16:03:12.372+07:00  INFO 22696 --- [badminton-booking-api] [    Test worker] .s.d.r.c.RepositoryConfigurationDelegate : Bootstrapping Spring Data Redis repositories in DEFAULT mode.
2026-07-01T16:03:12.381+07:00  INFO 22696 --- [badminton-booking-api] [    Test worker] .RepositoryConfigurationExtensionSupport : Spring Data Redis - Could not safely identify store assignment for repository candidate interface com.badminton.repository.BookingRepository; If you want this repository to be a Redis repository, consider annotating your entities with one of these annotations: org.springframework.data.redis.core.RedisHash (preferred), or consider extending one of the following types with your repository: org.springframework.data.keyvalue.repository.KeyValueRepository
2026-07-01T16:03:12.381+07:00  INFO 22696 --- [badminton-booking-api] [    Test worker] .RepositoryConfigurationExtensionSupport : Spring Data Redis - Could not safely identify store assignment for repository candidate interface com.badminton.repository.CourtImageRepository; If you want this repository to be a Redis repository, consider annotating your entities with one of these annotations: org.springframework.data.redis.core.RedisHash (preferred), or consider extending one of the following types with your repository: org.springframework.data.keyvalue.repository.KeyValueRepository
2026-07-01T16:03:12.381+07:00  INFO 22696 --- [badminton-booking-api] [    Test worker] .RepositoryConfigurationExtensionSupport : Spring Data Redis - Could not safely identify store assignment for repository candidate interface com.badminton.repository.CourtRepository; If you want this repository to be a Redis repository, consider annotating your entities with one of these annotations: org.springframework.data.redis.core.RedisHash (preferred), or consider extending one of the following types with your repository: org.springframework.data.keyvalue.repository.KeyValueRepository
2026-07-01T16:03:12.381+07:00  INFO 22696 --- [badminton-booking-api] [    Test worker] .RepositoryConfigurationExtensionSupport : Spring Data Redis - Could not safely identify store assignment for repository candidate interface com.badminton.repository.TimeSlotRepository; If you want this repository to be a Redis repository, consider annotating your entities with one of these annotations: org.springframework.data.redis.core.RedisHash (preferred), or consider extending one of the following types with your repository: org.springframework.data.keyvalue.repository.KeyValueRepository
2026-07-01T16:03:12.382+07:00  INFO 22696 --- [badminton-booking-api] [    Test worker] .RepositoryConfigurationExtensionSupport : Spring Data Redis - Could not safely identify store assignment for repository candidate interface com.badminton.repository.TokenBlacklistRepository; If you want this repository to be a Redis repository, consider annotating your entities with one of these annotations: org.springframework.data.redis.core.RedisHash (preferred), or consider extending one of the following types with your repository: org.springframework.data.keyvalue.repository.KeyValueRepository
2026-07-01T16:03:12.382+07:00  INFO 22696 --- [badminton-booking-api] [    Test worker] .RepositoryConfigurationExtensionSupport : Spring Data Redis - Could not safely identify store assignment for repository candidate interface com.badminton.repository.UserRepository; If you want this repository to be a Redis repository, consider annotating your entities with one of these annotations: org.springframework.data.redis.core.RedisHash (preferred), or consider extending one of the following types with your repository: org.springframework.data.keyvalue.repository.KeyValueRepository
2026-07-01T16:03:12.382+07:00  INFO 22696 --- [badminton-booking-api] [    Test worker] .s.d.r.c.RepositoryConfigurationDelegate : Finished Spring Data repository scanning in 5 ms. Found 0 Redis repository interfaces.
2026-07-01T16:03:13.158+07:00  INFO 22696 --- [badminton-booking-api] [    Test worker] o.hibernate.jpa.internal.util.LogHelper  : HHH000204: Processing PersistenceUnitInfo [name: default]
2026-07-01T16:03:13.290+07:00  INFO 22696 --- [badminton-booking-api] [    Test worker] org.hibernate.Version                    : HHH000412: Hibernate ORM core version 6.4.4.Final
2026-07-01T16:03:13.325+07:00  INFO 22696 --- [badminton-booking-api] [    Test worker] o.h.c.internal.RegionFactoryInitiator    : HHH000026: Second-level cache disabled
2026-07-01T16:03:13.390+07:00  INFO 22696 --- [badminton-booking-api] [    Test worker] o.s.o.j.p.SpringPersistenceUnitInfo      : No LoadTimeWeaver setup: ignoring JPA class transformer
2026-07-01T16:03:13.421+07:00  INFO 22696 --- [badminton-booking-api] [    Test worker] com.zaxxer.hikari.HikariDataSource       : HikariPool-1 - Starting...
2026-07-01T16:03:13.529+07:00  INFO 22696 --- [badminton-booking-api] [    Test worker] com.zaxxer.hikari.pool.HikariPool        : HikariPool-1 - Added connection com.mysql.cj.jdbc.ConnectionImpl@4be1c797
2026-07-01T16:03:13.530+07:00  INFO 22696 --- [badminton-booking-api] [    Test worker] com.zaxxer.hikari.HikariDataSource       : HikariPool-1 - Start completed.
2026-07-01T16:03:13.561+07:00  WARN 22696 --- [badminton-booking-api] [    Test worker] org.hibernate.orm.deprecation            : HHH90000025: MySQLDialect does not need to be specified explicitly using 'hibernate.dialect' (remove the property setting and it will be selected by default)
2026-07-01T16:03:14.065+07:00  INFO 22696 --- [badminton-booking-api] [    Test worker] o.h.e.t.j.p.i.JtaPlatformInitiator       : HHH000489: No JTA platform available (set 'hibernate.transaction.jta.platform' to enable JTA platform integration)
2026-07-01T16:03:14.114+07:00  INFO 22696 --- [badminton-booking-api] [    Test worker] j.LocalContainerEntityManagerFactoryBean : Initialized JPA EntityManagerFactory for persistence unit 'default'
2026-07-01T16:03:16.310+07:00  WARN 22696 --- [badminton-booking-api] [    Test worker] JpaBaseConfiguration$JpaWebConfiguration : spring.jpa.open-in-view is enabled by default. Therefore, database queries may be performed during view rendering. Explicitly configure spring.jpa.open-in-view to disable this warning
2026-07-01T16:03:17.162+07:00  INFO 22696 --- [badminton-booking-api] [    Test worker] o.s.s.web.DefaultSecurityFilterChain     : Will secure any request with [org.springframework.security.web.session.DisableEncodeUrlFilter@28728558, org.springframework.security.web.context.request.async.WebAsyncManagerIntegrationFilter@7c0b0090, org.springframework.security.web.context.SecurityContextHolderFilter@77422a9f, org.springframework.security.web.header.HeaderWriterFilter@6d553763, org.springframework.security.web.authentication.logout.LogoutFilter@63fa0b9, com.badminton.config.JwtRequestFilter@41a4135e, org.springframework.security.web.savedrequest.RequestCacheAwareFilter@6e4e7a62, org.springframework.security.web.servletapi.SecurityContextHolderAwareRequestFilter@2fdbd353, org.springframework.security.web.authentication.AnonymousAuthenticationFilter@223c1a82, org.springframework.security.web.session.SessionManagementFilter@5aaab2b0, org.springframework.security.web.access.ExceptionTranslationFilter@23338420, org.springframework.security.web.access.intercept.AuthorizationFilter@2ace94ff]
2026-07-01T16:03:17.933+07:00  INFO 22696 --- [badminton-booking-api] [    Test worker] c.b.BadmintonBookingApplicationTests     : Started BadmintonBookingApplicationTests in 6.607 seconds (process running for 8.839)
]]></system-out>
  <system-err><![CDATA[]]></system-err>
</testsuite>
