<?xml version="1.0" encoding="UTF-8"?>
<testsuite name="com.badminton.service.CourtServiceTest" tests="10" skipped="0" failures="0" errors="0" timestamp="2026-07-01T08:37:14" hostname="DESKTOP-OJ69R6V" time="0.021">
  <properties/>
  <testcase name="deleteCourt_success()" classname="com.badminton.service.CourtServiceTest" time="0.001"/>
  <testcase name="updateCourt_success()" classname="com.badminton.service.CourtServiceTest" time="0.004"/>
  <testcase name="getAllCourts_success()" classname="com.badminton.service.CourtServiceTest" time="0.001"/>
  <testcase name="createCourt_managerNotFound()" classname="com.badminton.service.CourtServiceTest" time="0.002"/>
  <testcase name="getCourtById_notFound()" classname="com.badminton.service.CourtServiceTest" time="0.002"/>
  <testcase name="createCourt_success()" classname="com.badminton.service.CourtServiceTest" time="0.002"/>
  <testcase name="getCourtById_success()" classname="com.badminton.service.CourtServiceTest" time="0.001"/>
  <testcase name="updateCourt_managerNotFound()" classname="com.badminton.service.CourtServiceTest" time="0.002"/>
  <testcase name="updateCourt_notFound()" classname="com.badminton.service.CourtServiceTest" time="0.002"/>
  <testcase name="deleteCourt_notFound()" classname="com.badminton.service.CourtServiceTest" time="0.002"/>
  <system-out><![CDATA[]]></system-out>
  <system-err><![CDATA[]]></system-err>
</testsuite>
