<?xml version="1.0" encoding="UTF-8"?>
<testsuite name="com.badminton.service.UserServiceTest" tests="9" skipped="0" failures="2" errors="0" timestamp="2026-07-01T08:37:14" hostname="DESKTOP-OJ69R6V" time="0.015">
  <properties/>
  <testcase name="getUsers_noSearch()" classname="com.badminton.service.UserServiceTest" time="0.002"/>
  <testcase name="deleteUser_success()" classname="com.badminton.service.UserServiceTest" time="0.001"/>
  <testcase name="updateUser_success()" classname="com.badminton.service.UserServiceTest" time="0.001"/>
  <testcase name="getUserById_notFound()" classname="com.badminton.service.UserServiceTest" time="0.001"/>
  <testcase name="updateUser_emailExists()" classname="com.badminton.service.UserServiceTest" time="0.002">
    <failure message="org.opentest4j.AssertionFailedError: expected: &lt;Email already exists&gt; but was: &lt;Email is already registered&gt;" type="org.opentest4j.AssertionFailedError">org.opentest4j.AssertionFailedError: expected: &lt;Email already exists&gt; but was: &lt;Email is already registered&gt;
	at app//org.junit.jupiter.api.AssertionFailureBuilder.build(AssertionFailureBuilder.java:151)
	at app//org.junit.jupiter.api.AssertionFailureBuilder.buildAndThrow(AssertionFailureBuilder.java:132)
	at app//org.junit.jupiter.api.AssertEquals.failNotEqual(AssertEquals.java:197)
	at app//org.junit.jupiter.api.AssertEquals.assertEquals(AssertEquals.java:182)
	at app//org.junit.jupiter.api.AssertEquals.assertEquals(AssertEquals.java:177)
	at app//org.junit.jupiter.api.Assertions.assertEquals(Assertions.java:1145)
	at app//com.badminton.service.UserServiceTest.updateUser_emailExists(UserServiceTest.java:193)
	at java.base@17.0.12/java.lang.reflect.Method.invoke(Method.java:568)
	at java.base@17.0.12/java.util.ArrayList.forEach(ArrayList.java:1511)
	at java.base@17.0.12/java.util.ArrayList.forEach(ArrayList.java:1511)
</failure>
  </testcase>
  <testcase name="deleteUser_notFound()" classname="com.badminton.service.UserServiceTest" time="0.001"/>
  <testcase name="updateUser_usernameExists()" classname="com.badminton.service.UserServiceTest" time="0.001">
    <failure message="org.opentest4j.AssertionFailedError: expected: &lt;Username already exists&gt; but was: &lt;Username is already taken&gt;" type="org.opentest4j.AssertionFailedError">org.opentest4j.AssertionFailedError: expected: &lt;Username already exists&gt; but was: &lt;Username is already taken&gt;
	at app//org.junit.jupiter.api.AssertionFailureBuilder.build(AssertionFailureBuilder.java:151)
	at app//org.junit.jupiter.api.AssertionFailureBuilder.buildAndThrow(AssertionFailureBuilder.java:132)
	at app//org.junit.jupiter.api.AssertEquals.failNotEqual(AssertEquals.java:197)
	at app//org.junit.jupiter.api.AssertEquals.assertEquals(AssertEquals.java:182)
	at app//org.junit.jupiter.api.AssertEquals.assertEquals(AssertEquals.java:177)
	at app//org.junit.jupiter.api.Assertions.assertEquals(Assertions.java:1145)
	at app//com.badminton.service.UserServiceTest.updateUser_usernameExists(UserServiceTest.java:170)
	at java.base@17.0.12/java.lang.reflect.Method.invoke(Method.java:568)
	at java.base@17.0.12/java.util.ArrayList.forEach(ArrayList.java:1511)
	at java.base@17.0.12/java.util.ArrayList.forEach(ArrayList.java:1511)
</failure>
  </testcase>
  <testcase name="getUsers_success()" classname="com.badminton.service.UserServiceTest" time="0.001"/>
  <testcase name="getUserById_success()" classname="com.badminton.service.UserServiceTest" time="0.001"/>
  <system-out><![CDATA[]]></system-out>
  <system-err><![CDATA[]]></system-err>
</testsuite>
