<?xml version="1.0" encoding="UTF-8"?>
<testsuite name="com.badminton.service.AuthServiceTest" tests="11" skipped="0" failures="0" errors="0" timestamp="2026-07-01T09:03:09" hostname="DESKTOP-OJ69R6V" time="1.328">
  <properties/>
  <testcase name="resetPassword_success()" classname="com.badminton.service.AuthServiceTest" time="1.091"/>
  <testcase name="register_usernameExists()" classname="com.badminton.service.AuthServiceTest" time="0.02"/>
  <testcase name="forgotPassword_success()" classname="com.badminton.service.AuthServiceTest" time="0.01"/>
  <testcase name="login_success()" classname="com.badminton.service.AuthServiceTest" time="0.164"/>
  <testcase name="refresh_tokenBlacklisted()" classname="com.badminton.service.AuthServiceTest" time="0.004"/>
  <testcase name="register_emailExists()" classname="com.badminton.service.AuthServiceTest" time="0.004"/>
  <testcase name="changePassword_wrongOldPassword()" classname="com.badminton.service.AuthServiceTest" time="0.004"/>
  <testcase name="register_success()" classname="com.badminton.service.AuthServiceTest" time="0.005"/>
  <testcase name="resetPassword_expiredToken()" classname="com.badminton.service.AuthServiceTest" time="0.003"/>
  <testcase name="changePassword_success()" classname="com.badminton.service.AuthServiceTest" time="0.004"/>
  <testcase name="refresh_success()" classname="com.badminton.service.AuthServiceTest" time="0.007"/>
  <system-out><![CDATA[]]></system-out>
  <system-err><![CDATA[]]></system-err>
</testsuite>
